0 info it worked if it ends with ok
1 verbose cli [ 'node',
1 verbose cli   '/usr/local/bin/npm',
1 verbose cli   'install',
1 verbose cli   'npm',
1 verbose cli   '-g',
1 verbose cli   '--ca=null' ]
2 info using npm@1.4.3
3 info using node@v0.10.26
4 verbose cache add [ 'npm', null ]
5 verbose cache add name=undefined spec="npm" args=["npm",null]
6 verbose parsed url { protocol: null,
6 verbose parsed url   slashes: null,
6 verbose parsed url   auth: null,
6 verbose parsed url   host: null,
6 verbose parsed url   port: null,
6 verbose parsed url   hostname: null,
6 verbose parsed url   hash: null,
6 verbose parsed url   search: null,
6 verbose parsed url   query: null,
6 verbose parsed url   pathname: 'npm',
6 verbose parsed url   path: 'npm',
6 verbose parsed url   href: 'npm' }
7 silly lockFile 660051d1-npm npm
8 verbose lock npm /Users/pontahontas/.npm/660051d1-npm.lock
9 silly lockFile 660051d1-npm npm
10 silly lockFile 660051d1-npm npm
11 verbose addNamed [ 'npm', '' ]
12 verbose addNamed [ null, '*' ]
13 silly lockFile 2f990b75-npm npm@
14 verbose lock npm@ /Users/pontahontas/.npm/2f990b75-npm.lock
15 silly addNameRange { name: 'npm', range: '*', hasData: false }
16 verbose url raw npm
17 verbose url resolving [ 'https://registry.npmjs.org/', './npm' ]
18 verbose url resolved https://registry.npmjs.org/npm
19 info trying registry request attempt 1 at 09:59:33
20 verbose etag "DCCYX8XXDRT3FLHBTAQUNP6QX"
21 http GET https://registry.npmjs.org/npm
22 info retry will retry, error on last attempt: Error: CERT_UNTRUSTED
23 info trying registry request attempt 2 at 09:59:44
24 verbose etag "DCCYX8XXDRT3FLHBTAQUNP6QX"
25 http GET https://registry.npmjs.org/npm
26 info retry will retry, error on last attempt: Error: CERT_UNTRUSTED
27 info trying registry request attempt 3 at 10:00:45
28 verbose etag "DCCYX8XXDRT3FLHBTAQUNP6QX"
29 http GET https://registry.npmjs.org/npm
30 silly registry.get cb [ 304, undefined ]
31 verbose etag npm from cache
32 silly addNameRange number 2 { name: 'npm', range: '*', hasData: true }
33 silly addNameRange versions [ 'npm',
33 silly addNameRange   [ '1.1.25',
33 silly addNameRange     '1.2.32',
33 silly addNameRange     '1.3.2',
33 silly addNameRange     '1.3.4',
33 silly addNameRange     '1.2.20',
33 silly addNameRange     '1.2.21',
33 silly addNameRange     '1.2.22',
33 silly addNameRange     '1.2.23',
33 silly addNameRange     '1.2.24',
33 silly addNameRange     '1.2.25',
33 silly addNameRange     '1.2.27',
33 silly addNameRange     '1.2.28',
33 silly addNameRange     '1.2.30',
33 silly addNameRange     '1.2.31',
33 silly addNameRange     '1.3.0',
33 silly addNameRange     '1.3.1',
33 silly addNameRange     '1.2.19',
33 silly addNameRange     '1.1.70',
33 silly addNameRange     '1.1.71',
33 silly addNameRange     '1.3.5',
33 silly addNameRange     '1.3.6',
33 silly addNameRange     '1.3.7',
33 silly addNameRange     '1.3.8',
33 silly addNameRange     '1.3.9',
33 silly addNameRange     '1.3.10',
33 silly addNameRange     '1.3.11',
33 silly addNameRange     '1.3.12',
33 silly addNameRange     '1.3.13',
33 silly addNameRange     '1.3.14',
33 silly addNameRange     '1.3.15',
33 silly addNameRange     '1.3.16',
33 silly addNameRange     '1.3.17',
33 silly addNameRange     '1.3.18',
33 silly addNameRange     '1.3.20',
33 silly addNameRange     '1.3.21',
33 silly addNameRange     '1.3.22',
33 silly addNameRange     '1.3.23',
33 silly addNameRange     '1.3.24',
33 silly addNameRange     '1.3.25',
33 silly addNameRange     '1.3.26',
33 silly addNameRange     '1.4.0',
33 silly addNameRange     '1.4.1',
33 silly addNameRange     '1.4.2',
33 silly addNameRange     '1.4.3',
33 silly addNameRange     '1.4.4',
33 silly addNameRange     '1.4.5',
33 silly addNameRange     '1.4.6' ] ]
34 verbose addNamed [ 'npm', '1.4.6' ]
35 verbose addNamed [ '1.4.6', '1.4.6' ]
36 silly lockFile b82b682c-npm-1-4-6 npm@1.4.6
37 verbose lock npm@1.4.6 /Users/pontahontas/.npm/b82b682c-npm-1-4-6.lock
38 silly lockFile b82b682c-npm-1-4-6 npm@1.4.6
39 silly lockFile b82b682c-npm-1-4-6 npm@1.4.6
40 silly lockFile 2f990b75-npm npm@
41 silly lockFile 2f990b75-npm npm@
42 silly resolved [ { version: '1.4.6',
42 silly resolved     name: 'npm',
42 silly resolved     publishConfig: { 'proprietary-attribs': false },
42 silly resolved     description: 'A package manager for node',
42 silly resolved     keywords: [ 'package manager', 'modules', 'install', 'package.json' ],
42 silly resolved     preferGlobal: true,
42 silly resolved     config: { publishtest: false },
42 silly resolved     homepage: 'https://npmjs.org/doc/',
42 silly resolved     author:
42 silly resolved      { name: 'Isaac Z. Schlueter',
42 silly resolved        email: 'i@izs.me',
42 silly resolved        url: 'http://blog.izs.me' },
42 silly resolved     repository: { type: 'git', url: 'https://github.com/npm/npm' },
42 silly resolved     bugs:
42 silly resolved      { url: 'http://github.com/npm/npm/issues',
42 silly resolved        email: 'npm-@googlegroups.com' },
42 silly resolved     directories: { doc: './doc', man: './man', lib: './lib', bin: './bin' },
42 silly resolved     main: './lib/npm.js',
42 silly resolved     bin: { npm: './bin/npm-cli.js' },
42 silly resolved     dependencies:
42 silly resolved      { abbrev: '~1.0.4',
42 silly resolved        ansi: '~0.2.1',
42 silly resolved        ansicolors: '~0.3.2',
42 silly resolved        ansistyles: '~0.1.3',
42 silly resolved        archy: '0',
42 silly resolved        'block-stream': '0.0.7',
42 silly resolved        'child-process-close': '~0.1.1',
42 silly resolved        chmodr: '~0.1.0',
42 silly resolved        chownr: '0',
42 silly resolved        'cmd-shim': '~1.1.1',
42 silly resolved        columnify: '0.1.2',
42 silly resolved        editor: '0.0.5',
42 silly resolved        fstream: '~0.1.25',
42 silly resolved        'fstream-npm': '~0.1.6',
42 silly resolved        'github-url-from-git': '1.1.1',
42 silly resolved        'github-url-from-username-repo': '0.0.2',
42 silly resolved        glob: '~3.2.9',
42 silly resolved        'graceful-fs': '~2.0.2',
42 silly resolved        ini: '~1.1.0',
42 silly resolved        'init-package-json': '0.0.15',
42 silly resolved        lockfile: '~0.4.0',
42 silly resolved        'lru-cache': '~2.5.0',
42 silly resolved        minimatch: '~0.2.14',
42 silly resolved        mkdirp: '~0.3.5',
42 silly resolved        'node-gyp': '~0.13.0',
42 silly resolved        nopt: '~2.2.0',
42 silly resolved        'npm-install-checks': '~1.0.0',
42 silly resolved        'npm-registry-client': '~0.4.5',
42 silly resolved        'npm-user-validate': '0.0.3',
42 silly resolved        npmconf: '~0.1.13',
42 silly resolved        npmlog: '0.0.6',
42 silly resolved        once: '~1.3.0',
42 silly resolved        opener: '~1.3.0',
42 silly resolved        osenv: '0',
42 silly resolved        'path-is-inside': '~1.0.0',
42 silly resolved        read: '~1.0.4',
42 silly resolved        'read-installed': '~2.0.1',
42 silly resolved        'read-package-json': '~1.1.8',
42 silly resolved        request: '~2.30.0',
42 silly resolved        retry: '~0.6.0',
42 silly resolved        rimraf: '~2.2.5',
42 silly resolved        semver: '~2.2.1',
42 silly resolved        sha: '~1.2.1',
42 silly resolved        slide: '~1.1.5',
42 silly resolved        'sorted-object': '~1.0.0',
42 silly resolved        tar: '~0.1.19',
42 silly resolved        'text-table': '~0.2.0',
42 silly resolved        'uid-number': '0.0.5',
42 silly resolved        which: '1' },
42 silly resolved     bundleDependencies:
42 silly resolved      [ 'abbrev',
42 silly resolved        'ansi',
42 silly resolved        'ansicolors',
42 silly resolved        'ansistyles',
42 silly resolved        'archy',
42 silly resolved        'block-stream',
42 silly resolved        'child-process-close',
42 silly resolved        'chmodr',
42 silly resolved        'chownr',
42 silly resolved        'cmd-shim',
42 silly resolved        'columnify',
42 silly resolved        'editor',
42 silly resolved        'fstream',
42 silly resolved        'fstream-npm',
42 silly resolved        'github-url-from-git',
42 silly resolved        'github-url-from-username-repo',
42 silly resolved        'glob',
42 silly resolved        'graceful-fs',
42 silly resolved        'inherits',
42 silly resolved        'ini',
42 silly resolved        'init-package-json',
42 silly resolved        'lockfile',
42 silly resolved        'lru-cache',
42 silly resolved        'minimatch',
42 silly resolved        'mkdirp',
42 silly resolved        'node-gyp',
42 silly resolved        'nopt',
42 silly resolved        'normalize-package-data',
42 silly resolved        'npm-install-checks',
42 silly resolved        'npm-registry-client',
42 silly resolved        'npm-user-validate',
42 silly resolved        'npmconf',
42 silly resolved        'npmlog',
42 silly resolved        'once',
42 silly resolved        'opener',
42 silly resolved        'osenv',
42 silly resolved        'path-is-inside',
42 silly resolved        'read',
42 silly resolved        'read-installed',
42 silly resolved        'read-package-json',
42 silly resolved        'request',
42 silly resolved        'retry',
42 silly resolved        'rimraf',
42 silly resolved        'semver',
42 silly resolved        'sha',
42 silly resolved        'slide',
42 silly resolved        'sorted-object',
42 silly resolved        'tar',
42 silly resolved        'text-table',
42 silly resolved        'uid-number',
42 silly resolved        'which' ],
42 silly resolved     devDependencies: { 'npm-registry-mock': '~0.5', ronn: '~0.3.6', tap: '~0.4.0' },
42 silly resolved     engines: { node: '>=0.8', npm: '1' },
42 silly resolved     scripts:
42 silly resolved      { test: 'node ./test/run.js && tap test/tap/*.js',
42 silly resolved        tap: 'tap test/tap/*.js',
42 silly resolved        prepublish: 'node bin/npm-cli.js prune --prefix=. --no-global && rm -rf test/*/*/node_modules && make -j32 doc',
42 silly resolved        dumpconf: 'env | grep npm | sort | uniq',
42 silly resolved        echo: 'node bin/npm-cli.js' },
42 silly resolved     license: 'Artistic-2.0',
42 silly resolved     man:
42 silly resolved      [ '/Users/pontahontas/.npm/npm/1.4.6/package/man/man1/npm-README.1',
42 silly resolved        '/Users/pontahontas/.npm/npm/1.4.6/package/man/man1/npm-adduser.1',
42 silly resolved        '/Users/pontahontas/.npm/npm/1.4.6/package/man/man1/npm-bin.1',
42 silly resolved        '/Users/pontahontas/.npm/npm/1.4.6/package/man/man1/npm-bugs.1',
42 silly resolved        '/Users/pontahontas/.npm/npm/1.4.6/package/man/man1/npm-build.1',
42 silly resolved        '/Users/pontahontas/.npm/npm/1.4.6/package/man/man1/npm-bundle.1',
42 silly resolved        '/Users/pontahontas/.npm/npm/1.4.6/package/man/man1/npm-cache.1',
42 silly resolved        '/Users/pontahontas/.npm/npm/1.4.6/package/man/man1/npm-completion.1',
42 silly resolved        '/Users/pontahontas/.npm/npm/1.4.6/package/man/man1/npm-config.1',
42 silly resolved        '/Users/pontahontas/.npm/npm/1.4.6/package/man/man1/npm-dedupe.1',
42 silly resolved        '/Users/pontahontas/.npm/npm/1.4.6/package/man/man1/npm-deprecate.1',
42 silly resolved        '/Users/pontahontas/.npm/npm/1.4.6/package/man/man1/npm-docs.1',
42 silly resolved        '/Users/pontahontas/.npm/npm/1.4.6/package/man/man1/npm-edit.1',
42 silly resolved        '/Users/pontahontas/.npm/npm/1.4.6/package/man/man1/npm-explore.1',
42 silly resolved        '/Users/pontahontas/.npm/npm/1.4.6/package/man/man1/npm-help-search.1',
42 silly resolved        '/Users/pontahontas/.npm/npm/1.4.6/package/man/man1/npm-help.1',
42 silly resolved        '/Users/pontahontas/.npm/npm/1.4.6/package/man/man1/npm-init.1',
42 silly resolved        '/Users/pontahontas/.npm/npm/1.4.6/package/man/man1/npm-install.1',
42 silly resolved        '/Users/pontahontas/.npm/npm/1.4.6/package/man/man1/npm-link.1',
42 silly resolved        '/Users/pontahontas/.npm/npm/1.4.6/package/man/man1/npm-ls.1',
42 silly resolved        '/Users/pontahontas/.npm/npm/1.4.6/package/man/man1/npm-outdated.1',
42 silly resolved        '/Users/pontahontas/.npm/npm/1.4.6/package/man/man1/npm-owner.1',
42 silly resolved        '/Users/pontahontas/.npm/npm/1.4.6/package/man/man1/npm-pack.1',
42 silly resolved        '/Users/pontahontas/.npm/npm/1.4.6/package/man/man1/npm-prefix.1',
42 silly resolved        '/Users/pontahontas/.npm/npm/1.4.6/package/man/man1/npm-prune.1',
42 silly resolved        '/Users/pontahontas/.npm/npm/1.4.6/package/man/man1/npm-publish.1',
42 silly resolved        '/Users/pontahontas/.npm/npm/1.4.6/package/man/man1/npm-rebuild.1',
42 silly resolved        '/Users/pontahontas/.npm/npm/1.4.6/package/man/man1/npm-repo.1',
42 silly resolved        '/Users/pontahontas/.npm/npm/1.4.6/package/man/man1/npm-restart.1',
42 silly resolved        '/Users/pontahontas/.npm/npm/1.4.6/package/man/man1/npm-rm.1',
42 silly resolved        '/Users/pontahontas/.npm/npm/1.4.6/package/man/man1/npm-root.1',
42 silly resolved        '/Users/pontahontas/.npm/npm/1.4.6/package/man/man1/npm-run-script.1',
42 silly resolved        '/Users/pontahontas/.npm/npm/1.4.6/package/man/man1/npm-search.1',
42 silly resolved        '/Users/pontahontas/.npm/npm/1.4.6/package/man/man1/npm-shrinkwrap.1',
42 silly resolved        '/Users/pontahontas/.npm/npm/1.4.6/package/man/man1/npm-star.1',
42 silly resolved        '/Users/pontahontas/.npm/npm/1.4.6/package/man/man1/npm-stars.1',
42 silly resolved        '/Users/pontahontas/.npm/npm/1.4.6/package/man/man1/npm-start.1',
42 silly resolved        '/Users/pontahontas/.npm/npm/1.4.6/package/man/man1/npm-stop.1',
42 silly resolved        '/Users/pontahontas/.npm/npm/1.4.6/package/man/man1/npm-submodule.1',
42 silly resolved        '/Users/pontahontas/.npm/npm/1.4.6/package/man/man1/npm-tag.1',
42 silly resolved        '/Users/pontahontas/.npm/npm/1.4.6/package/man/man1/npm-test.1',
42 silly resolved        '/Users/pontahontas/.npm/npm/1.4.6/package/man/man1/npm-uninstall.1',
42 silly resolved        '/Users/pontahontas/.npm/npm/1.4.6/package/man/man1/npm-unpublish.1',
42 silly resolved        '/Users/pontahontas/.npm/npm/1.4.6/package/man/man1/npm-update.1',
42 silly resolved        '/Users/pontahontas/.npm/npm/1.4.6/package/man/man1/npm-version.1',
42 silly resolved        '/Users/pontahontas/.npm/npm/1.4.6/package/man/man1/npm-view.1',
42 silly resolved        '/Users/pontahontas/.npm/npm/1.4.6/package/man/man1/npm-whoami.1',
42 silly resolved        '/Users/pontahontas/.npm/npm/1.4.6/package/man/man1/npm.1',
42 silly resolved        '/Users/pontahontas/.npm/npm/1.4.6/package/man/man3/npm-bin.3',
42 silly resolved        '/Users/pontahontas/.npm/npm/1.4.6/package/man/man3/npm-bugs.3',
42 silly resolved        '/Users/pontahontas/.npm/npm/1.4.6/package/man/man3/npm-commands.3',
42 silly resolved        '/Users/pontahontas/.npm/npm/1.4.6/package/man/man3/npm-config.3',
42 silly resolved        '/Users/pontahontas/.npm/npm/1.4.6/package/man/man3/npm-deprecate.3',
42 silly resolved        '/Users/pontahontas/.npm/npm/1.4.6/package/man/man3/npm-docs.3',
42 silly resolved        '/Users/pontahontas/.npm/npm/1.4.6/package/man/man3/npm-edit.3',
42 silly resolved        '/Users/pontahontas/.npm/npm/1.4.6/package/man/man3/npm-explore.3',
42 silly resolved        '/Users/pontahontas/.npm/npm/1.4.6/package/man/man3/npm-help-search.3',
42 silly resolved        '/Users/pontahontas/.npm/npm/1.4.6/package/man/man3/npm-init.3',
42 silly resolved        '/Users/pontahontas/.npm/npm/1.4.6/package/man/man3/npm-install.3',
42 silly resolved        '/Users/pontahontas/.npm/npm/1.4.6/package/man/man3/npm-link.3',
42 silly resolved        '/Users/pontahontas/.npm/npm/1.4.6/package/man/man3/npm-load.3',
42 silly resolved        '/Users/pontahontas/.npm/npm/1.4.6/package/man/man3/npm-ls.3',
42 silly resolved        '/Users/pontahontas/.npm/npm/1.4.6/package/man/man3/npm-outdated.3',
42 silly resolved        '/Users/pontahontas/.npm/npm/1.4.6/package/man/man3/npm-owner.3',
42 silly resolved        '/Users/pontahontas/.npm/npm/1.4.6/package/man/man3/npm-pack.3',
42 silly resolved        '/Users/pontahontas/.npm/npm/1.4.6/package/man/man3/npm-prefix.3',
42 silly resolved        '/Users/pontahontas/.npm/npm/1.4.6/package/man/man3/npm-prune.3',
42 silly resolved        '/Users/pontahontas/.npm/npm/1.4.6/package/man/man3/npm-publish.3',
42 silly resolved        '/Users/pontahontas/.npm/npm/1.4.6/package/man/man3/npm-rebuild.3',
42 silly resolved        '/Users/pontahontas/.npm/npm/1.4.6/package/man/man3/npm-repo.3',
42 silly resolved        '/Users/pontahontas/.npm/npm/1.4.6/package/man/man3/npm-restart.3',
42 silly resolved        '/Users/pontahontas/.npm/npm/1.4.6/package/man/man3/npm-root.3',
42 silly resolved        '/Users/pontahontas/.npm/npm/1.4.6/package/man/man3/npm-run-script.3',
42 silly resolved        '/Users/pontahontas/.npm/npm/1.4.6/package/man/man3/npm-search.3',
42 silly resolved        '/Users/pontahontas/.npm/npm/1.4.6/package/man/man3/npm-shrinkwrap.3',
42 silly resolved        '/Users/pontahontas/.npm/npm/1.4.6/package/man/man3/npm-start.3',
42 silly resolved        '/Users/pontahontas/.npm/npm/1.4.6/package/man/man3/npm-stop.3',
42 silly resolved        '/Users/pontahontas/.npm/npm/1.4.6/package/man/man3/npm-submodule.3',
42 silly resolved        '/Users/pontahontas/.npm/npm/1.4.6/package/man/man3/npm-tag.3',
42 silly resolved        '/Users/pontahontas/.npm/npm/1.4.6/package/man/man3/npm-test.3',
42 silly resolved        '/Users/pontahontas/.npm/npm/1.4.6/package/man/man3/npm-uninstall.3',
42 silly resolved        '/Users/pontahontas/.npm/npm/1.4.6/package/man/man3/npm-unpublish.3',
42 silly resolved        '/Users/pontahontas/.npm/npm/1.4.6/package/man/man3/npm-update.3',
42 silly resolved        '/Users/pontahontas/.npm/npm/1.4.6/package/man/man3/npm-version.3',
42 silly resolved        '/Users/pontahontas/.npm/npm/1.4.6/package/man/man3/npm-view.3',
42 silly resolved        '/Users/pontahontas/.npm/npm/1.4.6/package/man/man3/npm-whoami.3',
42 silly resolved        '/Users/pontahontas/.npm/npm/1.4.6/package/man/man3/npm.3',
42 silly resolved        '/Users/pontahontas/.npm/npm/1.4.6/package/man/man5/npm-folders.5',
42 silly resolved        '/Users/pontahontas/.npm/npm/1.4.6/package/man/man5/npm-global.5',
42 silly resolved        '/Users/pontahontas/.npm/npm/1.4.6/package/man/man5/npm-json.5',
42 silly resolved        '/Users/pontahontas/.npm/npm/1.4.6/package/man/man5/npmrc.5',
42 silly resolved        '/Users/pontahontas/.npm/npm/1.4.6/package/man/man5/package.json.5',
42 silly resolved        '/Users/pontahontas/.npm/npm/1.4.6/package/man/man7/npm-coding-style.7',
42 silly resolved        '/Users/pontahontas/.npm/npm/1.4.6/package/man/man7/npm-config.7',
42 silly resolved        '/Users/pontahontas/.npm/npm/1.4.6/package/man/man7/npm-developers.7',
42 silly resolved        '/Users/pontahontas/.npm/npm/1.4.6/package/man/man7/npm-disputes.7',
42 silly resolved        '/Users/pontahontas/.npm/npm/1.4.6/package/man/man7/npm-faq.7',
42 silly resolved        '/Users/pontahontas/.npm/npm/1.4.6/package/man/man7/npm-index.7',
42 silly resolved        '/Users/pontahontas/.npm/npm/1.4.6/package/man/man7/npm-registry.7',
42 silly resolved        '/Users/pontahontas/.npm/npm/1.4.6/package/man/man7/npm-scripts.7',
42 silly resolved        '/Users/pontahontas/.npm/npm/1.4.6/package/man/man7/removing-npm.7',
42 silly resolved        '/Users/pontahontas/.npm/npm/1.4.6/package/man/man7/semver.7' ],
42 silly resolved     contributors:
42 silly resolved      [ [Object],
42 silly resolved        [Object],
42 silly resolved        [Object],
42 silly resolved        [Object],
42 silly resolved        [Object],
42 silly resolved        [Object],
42 silly resolved        [Object],
42 silly resolved        [Object],
42 silly resolved        [Object],
42 silly resolved        [Object],
42 silly resolved        [Object],
42 silly resolved        [Object],
42 silly resolved        [Object],
42 silly resolved        [Object],
42 silly resolved        [Object],
42 silly resolved        [Object],
42 silly resolved        [Object],
42 silly resolved        [Object],
42 silly resolved        [Object],
42 silly resolved        [Object],
42 silly resolved        [Object],
42 silly resolved        [Object],
42 silly resolved        [Object],
42 silly resolved        [Object],
42 silly resolved        [Object],
42 silly resolved        [Object],
42 silly resolved        [Object],
42 silly resolved        [Object],
42 silly resolved        [Object],
42 silly resolved        [Object],
42 silly resolved        [Object],
42 silly resolved        [Object],
42 silly resolved        [Object],
42 silly resolved        [Object],
42 silly resolved        [Object],
42 silly resolved        [Object],
42 silly resolved        [Object],
42 silly resolved        [Object],
42 silly resolved        [Object],
42 silly resolved        [Object],
42 silly resolved        [Object],
42 silly resolved        [Object],
42 silly resolved        [Object],
42 silly resolved        [Object],
42 silly resolved        [Object],
42 silly resolved        [Object],
42 silly resolved        [Object],
42 silly resolved        [Object],
42 silly resolved        [Object],
42 silly resolved        [Object],
42 silly resolved        [Object],
42 silly resolved        [Object],
42 silly resolved        [Object],
42 silly resolved        [Object],
42 silly resolved        [Object],
42 silly resolved        [Object],
42 silly resolved        [Object],
42 silly resolved        [Object],
42 silly resolved        [Object],
42 silly resolved        [Object],
42 silly resolved        [Object],
42 silly resolved        [Object],
42 silly resolved        [Object],
42 silly resolved        [Object],
42 silly resolved        [Object],
42 silly resolved        [Object],
42 silly resolved        [Object],
42 silly resolved        [Object],
42 silly resolved        [Object],
42 silly resolved        [Object],
42 silly resolved        [Object],
42 silly resolved        [Object],
42 silly resolved        [Object],
42 silly resolved        [Object],
42 silly resolved        [Object],
42 silly resolved        [Object],
42 silly resolved        [Object],
42 silly resolved        [Object],
42 silly resolved        [Object],
42 silly resolved        [Object],
42 silly resolved        [Object],
42 silly resolved        [Object],
42 silly resolved        [Object],
42 silly resolved        [Object],
42 silly resolved        [Object],
42 silly resolved        [Object],
42 silly resolved        [Object],
42 silly resolved        [Object],
42 silly resolved        [Object],
42 silly resolved        [Object],
42 silly resolved        [Object],
42 silly resolved        [Object],
42 silly resolved        [Object],
42 silly resolved        [Object],
42 silly resolved        [Object],
42 silly resolved        [Object],
42 silly resolved        [Object],
42 silly resolved        [Object],
42 silly resolved        [Object],
42 silly resolved        [Object],
42 silly resolved        [Object],
42 silly resolved        [Object],
42 silly resolved        [Object],
42 silly resolved        [Object],
42 silly resolved        [Object],
42 silly resolved        [Object],
42 silly resolved        [Object],
42 silly resolved        [Object],
42 silly resolved        [Object],
42 silly resolved        [Object],
42 silly resolved        [Object],
42 silly resolved        [Object],
42 silly resolved        [Object],
42 silly resolved        [Object],
42 silly resolved        [Object],
42 silly resolved        [Object],
42 silly resolved        [Object],
42 silly resolved        [Object],
42 silly resolved        [Object],
42 silly resolved        [Object],
42 silly resolved        [Object],
42 silly resolved        [Object],
42 silly resolved        [Object],
42 silly resolved        [Object],
42 silly resolved        [Object],
42 silly resolved        [Object],
42 silly resolved        [Object],
42 silly resolved        [Object],
42 silly resolved        [Object],
42 silly resolved        [Object],
42 silly resolved        [Object],
42 silly resolved        [Object],
42 silly resolved        [Object],
42 silly resolved        [Object],
42 silly resolved        [Object],
42 silly resolved        [Object],
42 silly resolved        [Object],
42 silly resolved        [Object],
42 silly resolved        [Object],
42 silly resolved        [Object],
42 silly resolved        [Object],
42 silly resolved        [Object],
42 silly resolved        [Object],
42 silly resolved        [Object],
42 silly resolved        [Object],
42 silly resolved        [Object],
42 silly resolved        [Object],
42 silly resolved        [Object],
42 silly resolved        [Object],
42 silly resolved        [Object],
42 silly resolved        [Object],
42 silly resolved        [Object],
42 silly resolved        [Object],
42 silly resolved        [Object],
42 silly resolved        [Object],
42 silly resolved        [Object],
42 silly resolved        [Object] ],
42 silly resolved     readme: 'npm(1) -- node package manager\n==============================\n\n## SYNOPSIS\n\nThis is just enough info to get you up and running.\n\nMuch more info available via `npm help` once it\'s installed.\n\n## IMPORTANT\n\n**You need node v0.8 or higher to run this program.**\n\nTo install an old **and unsupported** version of npm that works on node 0.3\nand prior, clone the git repo and dig through the old tags and branches.\n\n## Super Easy Install\n\nnpm comes with node now.\n\n### Windows Computers\n\nGet the MSI.  npm is in it.\n\n### Apple Macintosh Computers\n\nGet the pkg.  npm is in it.\n\n### Other Sorts of Unices\n\nRun `make install`.  npm will be installed with node.\n\nIf you want a more fancy pants install (a different version, customized\npaths, etc.) then read on.\n\n## Fancy Install (Unix)\n\nThere\'s a pretty robust install script at\n<https://www.npmjs.org/install.sh>.  You can download that and run it.\n\n### Slightly Fancier\n\nYou can set any npm configuration params with that script:\n\n    npm_config_prefix=/some/path sh install.sh\n\nOr, you can run it in uber-debuggery mode:\n\n    npm_debug=1 sh install.sh\n\n### Even Fancier\n\nGet the code with git.  Use `make` to build the docs and do other stuff.\nIf you plan on hacking on npm, `make link` is your friend.\n\nIf you\'ve got the npm source code, you can also semi-permanently set\narbitrary config keys using the `./configure --key=val ...`, and then\nrun npm commands by doing `node cli.js <cmd> <args>`.  (This is helpful\nfor testing, or running stuff without actually installing npm itself.)\n\n## Fancy Windows Install\n\nYou can download a zip file from <https://npmjs.org/dist/>, and unpack it\nin the same folder where node.exe lives.\n\nIf that\'s not fancy enough for you, then you can fetch the code with\ngit, and mess with it directly.\n\n## Installing on Cygwin\n\nNo.\n\n## Permissions when Using npm to Install Other Stuff\n\n**tl;dr**\n\n* Use `sudo` for greater safety.  Or don\'t, if you prefer not to.\n* npm will downgrade permissions if it\'s root before running any build\n  scripts that package authors specified.\n\n### More details...\n\nAs of version 0.3, it is recommended to run npm as root.\nThis allows npm to change the user identifier to the `nobody` user prior\nto running any package build or test commands.\n\nIf you are not the root user, or if you are on a platform that does not\nsupport uid switching, then npm will not attempt to change the userid.\n\nIf you would like to ensure that npm **always** runs scripts as the\n"nobody" user, and have it fail if it cannot downgrade permissions, then\nset the following configuration param:\n\n    npm config set unsafe-perm false\n\nThis will prevent running in unsafe mode, even as non-root users.\n\n## Uninstalling\n\nSo sad to see you go.\n\n    sudo npm uninstall npm -g\n\nOr, if that fails,\n\n    sudo make uninstall\n\n## More Severe Uninstalling\n\nUsually, the above instructions are sufficient.  That will remove\nnpm, but leave behind anything you\'ve installed.\n\nIf you would like to remove all the packages that you have installed,\nthen you can use the `npm ls` command to find them, and then `npm rm` to\nremove them.\n\nTo remove cruft left behind by npm 0.x, you can use the included\n`clean-old.sh` script file.  You can run it conveniently like this:\n\n    npm explore npm -g -- sh scripts/clean-old.sh\n\nnpm uses two configuration files, one for per-user configs, and another\nfor global (every-user) configs.  You can view them by doing:\n\n    npm config get userconfig   # defaults to ~/.npmrc\n    npm config get globalconfig # defaults to /usr/local/etc/npmrc\n\nUninstalling npm does not remove configuration files by default.  You\nmust remove them yourself manually if you want them gone.  Note that\nthis means that future npm installs will not remember the settings that\nyou have chosen.\n\n## Using npm Programmatically\n\nIf you would like to use npm programmatically, you can do that.\nIt\'s not very well documented, but it *is* rather simple.\n\nMost of the time, unless you actually want to do all the things that\nnpm does, you should try using one of npm\'s dependencies rather than\nusing npm itself, if possible.\n\nEventually, npm will be just a thin cli wrapper around the modules\nthat it depends on, but for now, there are some things that you must\nuse npm itself to do.\n\n    var npm = require("npm")\n    npm.load(myConfigObject, function (er) {\n      if (er) return handlError(er)\n      npm.commands.install(["some", "args"], function (er, data) {\n        if (er) return commandFailed(er)\n        // command succeeded, and data might have some info\n      })\n      npm.on("log", function (message) { .... })\n    })\n\nThe `load` function takes an object hash of the command-line configs.\nThe various `npm.commands.<cmd>` functions take an **array** of\npositional argument **strings**.  The last argument to any\n`npm.commands.<cmd>` function is a callback.  Some commands take other\noptional arguments.  Read the source.\n\nYou cannot set configs individually for any single npm function at this\ntime.  Since `npm` is a singleton, any call to `npm.config.set` will\nchange the value for *all* npm commands in that process.\n\nSee `./bin/npm-cli.js` for an example of pulling config values off of the\ncommand line arguments using nopt.  You may also want to check out `npm\nhelp config` to learn about all the options you can set there.\n\n## More Docs\n\nCheck out the [docs](https://www.npmjs.org/doc/),\nespecially the [faq](https://www.npmjs.org/doc/faq.html).\n\nYou can use the `npm help` command to read any of them.\n\nIf you\'re a developer, and you want to use npm to publish your program,\nyou should [read this](https://www.npmjs.org/doc/developers.html)\n\n## Legal Stuff\n\n"npm" and "The npm Registry" are owned by npm, Inc.\nAll rights reserved.  See the included LICENSE file for more details.\n\n"Node.js" and "node" are trademarks owned by Joyent, Inc.\n\nModules published on the npm registry are not officially endorsed by\nnpm, Inc. or the Node.js project.\n\nData published to the npm registry is not part of npm itself, and is\nthe sole property of the publisher.  While every effort is made to\nensure accountability, there is absolutely no guarantee, warrantee, or\nassertion expressed or implied as to the quality, fitness for a\nspecific purpose, or lack of malice in any given npm package.\n\nIf you have a complaint about a package in the public npm registry,\nand cannot [resolve it with the package\nowner](https://www.npmjs.org/doc/misc/npm-disputes.html), please email\n<support@npmjs.com> and explain the situation.\n\nAny data published to The npm Registry (including user account\ninformation) may be removed or modified at the sole discretion of the\nnpm server administrators.\n\n### In plainer english\n\nnpm is the property of npm, Inc.\n\nIf you publish something, it\'s yours, and you are solely accountable\nfor it.\n\nIf other people publish something, it\'s theirs.\n\nUsers can publish Bad Stuff.  It will be removed promptly if reported.\nBut there is no vetting process for published modules, and you use\nthem at your own risk.  Please inspect the source.\n\nIf you publish Bad Stuff, we may delete it from the registry, or even\nban your account in extreme cases.  So don\'t do that.\n\n## BUGS\n\nWhen you find issues, please report them:\n\n* web:\n  <https://github.com/npm/npm/issues>\n* email:\n  <npm-@googlegroups.com>\n\nBe sure to include *all* of the output from the npm command that didn\'t work\nas expected.  The `npm-debug.log` file is also helpful to provide.\n\nYou can also look for isaacs in #node.js on irc://irc.freenode.net.  He\nwill no doubt tell you to put the output in a gist or email.\n\n## SEE ALSO\n\n* npm(1)\n* npm-faq(7)\n* npm-help(1)\n* npm-index(7)\n',
42 silly resolved     readmeFilename: 'README.md',
42 silly resolved     _id: 'npm@1.4.6',
42 silly resolved     _from: 'npm@' } ]
43 info install npm@1.4.6 into /usr/local/lib
44 info installOne npm@1.4.6
45 info /usr/local/lib/node_modules/npm unbuild
46 info preuninstall npm@1.4.3
47 info uninstall npm@1.4.3
48 verbose true,/usr/local/lib/node_modules,/usr/local/lib/node_modules unbuild npm@1.4.3
49 verbose /usr/local/bin,[object Object] binRoot
50 info postuninstall npm@1.4.3
51 info /usr/local/lib/node_modules/npm unbuild
52 error error rolling back Error: EACCES, unlink '/usr/local/lib/node_modules/npm/doc/api'
52 error error rolling back  npm@1.4.6 { [Error: EACCES, unlink '/usr/local/lib/node_modules/npm/doc/api']
52 error error rolling back   errno: 3,
52 error error rolling back   code: 'EACCES',
52 error error rolling back   path: '/usr/local/lib/node_modules/npm/doc/api' }
53 error Error: EACCES, unlink '/usr/local/lib/node_modules/npm/bin/node-gyp-bin'
53 error  { [Error: EACCES, unlink '/usr/local/lib/node_modules/npm/bin/node-gyp-bin']
53 error   errno: 3,
53 error   code: 'EACCES',
53 error   path: '/usr/local/lib/node_modules/npm/bin/node-gyp-bin' }
54 error Please try running this command again as root/Administrator.
55 error System Darwin 13.1.0
56 error command "node" "/usr/local/bin/npm" "install" "npm" "-g" "--ca=null"
57 error cwd /Users/pontahontas/Sites/weahead/blog/Bowling game kata
58 error node -v v0.10.26
59 error npm -v 1.4.3
60 error path /usr/local/lib/node_modules/npm/bin/node-gyp-bin
61 error code EACCES
62 error errno 3
63 error stack Error: EACCES, unlink '/usr/local/lib/node_modules/npm/bin/node-gyp-bin'
64 verbose exit [ 3, true ]
